1th password: !?}{(time consumed=495.31ms)
2th password: "3/A(time consumed=474.363ms)
3th password: #`%+(time consumed=474.029ms)
4th password: ++[>(time consumed=475.658ms)
5th password: -?A=(time consumed=475.185ms)
6th password: .PJM(time consumed=475.83ms)
7th password: 0-@@(time consumed=474.872ms)
8th password: 0364(time consumed=476.183ms)
9th password: 0403(time consumed=475.522ms)
10th password: 0898(time consumed=476.295ms)
11th password: 0@(u(time consumed=475.836ms)
12th password: 18By(time consumed=475.835ms)
13th password: 1|[$(time consumed=476.056ms)
14th password: 2543(time consumed=476.061ms)
15th password: 2>9[(time consumed=476.415ms)
16th password: 3106(time consumed=476.529ms)
17th password: 4-,J(time consumed=477.005ms)
18th password: 4167(time consumed=476.584ms)
19th password: 5670(time consumed=476.99ms)
20th password: 6373(time consumed=484.127ms)
21th password: 6920(time consumed=510.503ms)
22th password: 6?,,(time consumed=515.637ms)
23th password: 7}k|(time consumed=498.148ms)
24th password: 8843(time consumed=496.664ms)
25th password: 89#8(time consumed=485.62ms)
26th password: 9lLz(time consumed=485.742ms)
27th password: ;$!.(time consumed=492.484ms)
28th password: <<2}(time consumed=496.258ms)
29th password: <|,>(time consumed=489.976ms)
30th password: =?#%(time consumed=510.386ms)
31th password: =cST(time consumed=495.252ms)
32th password: A{/](time consumed=483.622ms)
33th password: F2i4(time consumed=481.793ms)
34th password: FOjQ(time consumed=482.704ms)
35th password: FZ7j(time consumed=480.078ms)
36th password: FzTn(time consumed=481.655ms)
37th password: G7MF(time consumed=482.926ms)
38th password: Hom[(time consumed=483.218ms)
39th password: I99#(time consumed=483.115ms)
40th password: JtB1(time consumed=481.918ms)
41th password: Kl3Z(time consumed=482.884ms)
42th password: MFe"(time consumed=483.073ms)
43th password: P+j"(time consumed=483.353ms)
44th password: PZvW(time consumed=482.839ms)
45th password: R*&S(time consumed=482.3ms)
46th password: Trc5(time consumed=481.938ms)
47th password: Wi]T(time consumed=482.959ms)
48th password: XRDk(time consumed=482.955ms)
49th password: [^'4(time consumed=483.721ms)
50th password: [vBW(time consumed=482.222ms)
51th password: \#~'(time consumed=482.538ms)
52th password: ]D%`(time consumed=482.981ms)
53th password: _$<}(time consumed=483.56ms)
54th password: `q2\(time consumed=484.099ms)
55th password: cAMv(time consumed=482.08ms)
56th password: dFPu(time consumed=482.652ms)
57th password: dvcw(time consumed=484.092ms)
58th password: eV~^(time consumed=483.774ms)
59th password: gch6(time consumed=482.852ms)
60th password: k]"[(time consumed=483.702ms)
61th password: mwQB(time consumed=482.164ms)
62th password: nMoI(time consumed=483.301ms)
63th password: q5sj(time consumed=481.811ms)
64th password: qRy*(time consumed=481.646ms)
65th password: qhXv(time consumed=483.014ms)
66th password: s3n6(time consumed=481.243ms)
67th password: {_,+(time consumed=483.216ms)
68th password: {g>h(time consumed=483.395ms)
69th password: |"_,(time consumed=484.14ms)
70th password: |i|%(time consumed=483.076ms)
71th password: "-/<"(time consumed=482.46ms)
72th password: #\DV_(time consumed=483.148ms)
73th password: %_!&&(time consumed=483.143ms)
74th password: +"73k(time consumed=483.788ms)
75th password: +_<{`(time consumed=483.799ms)
76th password: ,wZD`(time consumed=481.868ms)
77th password: -$}/_(time consumed=483.362ms)
78th password: 0':^7(time consumed=483.877ms)
79th password: 08107(time consumed=483.188ms)
80th password: 1;]+=(time consumed=483.586ms)
81th password: 20980(time consumed=482.331ms)
82th password: 24082(time consumed=484.536ms)
83th password: 34715(time consumed=483.358ms)
84th password: 34931(time consumed=483.351ms)
85th password: 39287(time consumed=484.033ms)
86th password: 3\`&9(time consumed=482.292ms)
87th password: 40325(time consumed=483.391ms)
88th password: 59334(time consumed=483.758ms)
89th password: 65471(time consumed=484.112ms)
90th password: 6mIca(time consumed=484.127ms)
91th password: 70944(time consumed=483.212ms)
92th password: 8'B@s(time consumed=482.227ms)
93th password: 8/>/+(time consumed=482.468ms)
94th password: 9A#/`(time consumed=482.195ms)
95th password: ;!^z<(time consumed=483.712ms)
96th password: ;(^:|(time consumed=483.556ms)
97th password: >^:;=(time consumed=482.37ms)
98th password: @;%}4(time consumed=484.145ms)
99th password: @\_)^(time consumed=483.372ms)
100th password: Bx_VE(time consumed=484.268ms)
101th password: C8V!+(time consumed=483.797ms)
102th password: CLMsZ(time consumed=482.748ms)
103th password: D5ndQ(time consumed=483.809ms)
104th password: H>.Cb(time consumed=483.048ms)
105th password: N{hEc(time consumed=483.416ms)
106th password: Q./>B(time consumed=484.151ms)
107th password: Q117B(time consumed=481.945ms)
108th password: Sbhy?(time consumed=484.007ms)
109th password: ZZlar(time consumed=483.939ms)
110th password: ]+-2[(time consumed=483.704ms)
111th password: ]3,*<(time consumed=484.105ms)
112th password: ^@3&=(time consumed=482.498ms)
113th password: ^}(:)(time consumed=483.555ms)
114th password: _!;-f(time consumed=484.3ms)
115th password: _(8*|(time consumed=483.931ms)
116th password: `}W]I(time consumed=484.325ms)
117th password: bX!jh(time consumed=482.997ms)
118th password: cvgdn(time consumed=482.706ms)
119th password: dzojN(time consumed=484.094ms)
120th password: eMK'`(time consumed=483.92ms)
121th password: f1008(time consumed=484.142ms)
122th password: fX3lh(time consumed=481.835ms)
123th password: hQ"E4(time consumed=483.557ms)
124th password: k48mM(time consumed=484.088ms)
125th password: kA5Uj(time consumed=483.44ms)
126th password: lnUzR(time consumed=483.696ms)
127th password: o8qkK(time consumed=484.201ms)
128th password: pLasT(time consumed=483.202ms)
129th password: pmgws(time consumed=483.43ms)
130th password: qngKA(time consumed=484.306ms)
131th password: rRkEg(time consumed=483.907ms)
132th password: rYkkg(time consumed=484.671ms)
133th password: u>|=J(time consumed=482.584ms)
134th password: v*&Fh(time consumed=484.479ms)
135th password: v7SpD(time consumed=483.811ms)
136th password: wq0kn(time consumed=484.479ms)
137th password: x`6l;(time consumed=484.334ms)
138th password: yg8vW(time consumed=482.969ms)
139th password: {"~|=(time consumed=483.913ms)
140th password: }"($*(time consumed=484.36ms)
141th password: !:78=3(time consumed=5062.55ms)
142th password: !:7AJ@(time consumed=5055.73ms)
143th password: $[-|&3(time consumed=5061.63ms)
144th password: &$+!>"(time consumed=5044.76ms)
145th password: &4}+.8(time consumed=5055.72ms)
146th password: '}%^'}(time consumed=5057.94ms)
147th password: ('%9@{(time consumed=5062.25ms)
148th password: (En0R8(time consumed=5057.23ms)
149th password: (^[:(;(time consumed=5047.23ms)
150th password: *725)#(time consumed=5050.28ms)
151th password: +.<}98(time consumed=5046.31ms)
152th password: +?&[_@(time consumed=5020ms)
153th password: +~{!>:(time consumed=5048.42ms)
154th password: ,9`#'{(time consumed=5054.65ms)
155th password: /'@![^(time consumed=5073.96ms)
156th password: /NTu:N(time consumed=5053ms)
157th password: /]]?}$(time consumed=5152.76ms)
158th password: 022125(time consumed=5020.35ms)
159th password: 214340(time consumed=5036.78ms)
160th password: 232169(time consumed=5061.01ms)
161th password: 399953(time consumed=5060.98ms)
162th password: 403201(time consumed=5065.31ms)
163th password: 427282(time consumed=5026.08ms)
164th password: 480905(time consumed=5033.51ms)
165th password: 564004(time consumed=5034.51ms)
166th password: 607852(time consumed=5042.85ms)
167th password: 677768(time consumed=5058.18ms)
168th password: 6leIYK(time consumed=5034.11ms)
169th password: 7?)\42(time consumed=5121ms)
170th password: 9VN0V9(time consumed=5038.53ms)
171th password: 9zMxUA(time consumed=5042.78ms)
172th password: :#`A/((time consumed=5059.68ms)
173th password: ;iz~GH(time consumed=5052.68ms)
174th password: =|^`\)(time consumed=5053.53ms)
175th password: A$'"|^(time consumed=5064.51ms)
176th password: Avm_za(time consumed=5030.22ms)
177th password: Bw+Sy#(time consumed=5038.87ms)
178th password: CqcWf1(time consumed=5024.03ms)
179th password: FGVXbC(time consumed=5047.58ms)
180th password: I)([BX(time consumed=5057.26ms)
181th password: M$4\kk(time consumed=5057.93ms)
182th password: SyR_\i(time consumed=5041.47ms)
183th password: Vlq"x#(time consumed=5045.84ms)
184th password: WDER9U(time consumed=5040.05ms)
185th password: XBSxcv(time consumed=5032.27ms)
186th password: Y}V^Ch(time consumed=5050.19ms)
187th password: [Or`;,(time consumed=5068.47ms)
188th password: _=)]!!(time consumed=5046.59ms)
189th password: `&`(@!(time consumed=5064.78ms)
190th password: `MtqV1(time consumed=5040.7ms)
191th password: aYAwAT(time consumed=5040.66ms)
192th password: aaIztg(time consumed=5047.63ms)
193th password: csWzIv(time consumed=5075.19ms)
194th password: gBzH77(time consumed=5028.55ms)
195th password: hR]ZG!(time consumed=5033.62ms)
196th password: i9HPY1(time consumed=5082.81ms)
197th password: iCnvKc(time consumed=5048.24ms)
198th password: iGeBwA(time consumed=5060.22ms)
199th password: ibCROO(time consumed=5068.11ms)
200th password: igsY#y(time consumed=5038.49ms)
201th password: jRD5y3(time consumed=5024.37ms)
202th password: kP1q6N(time consumed=5043.96ms)
203th password: kpty]!(time consumed=5048.73ms)
204th password: mRdqPa(time consumed=5054.24ms)
205th password: qMu.+c(time consumed=5038.48ms)
206th password: rv0KOy(time consumed=5063.21ms)
207th password: s4Zhbk(time consumed=5047.21ms)
208th password: uv,#-((time consumed=5051.43ms)
209th password: xiMtGS(time consumed=5046.9ms)
210th password: xuUF{Y(time consumed=5033.45ms)
